  Player.cpp
C:\VS Projects\Zombie Arena\Player.cpp(7,13): warning C4244: '=': conversion from 'const float' to 'int', possible loss of data
C:\VS Projects\Zombie Arena\Player.cpp(8,16): warning C4244: '=': conversion from 'const float' to 'int', possible loss of data
C:\VS Projects\Zombie Arena\Player.cpp(20,29): warning C4244: '=': conversion from 'int' to 'T', possible loss of data
          with
          [
              T=float
          ]
C:\VS Projects\Zombie Arena\Player.cpp(21,30): warning C4244: '=': conversion from 'int' to 'T', possible loss of data
          with
          [
              T=float
          ]
C:\VS Projects\Zombie Arena\Player.cpp(40,13): warning C4244: '=': conversion from 'const float' to 'int', possible loss of data
C:\VS Projects\Zombie Arena\Player.cpp(41,16): warning C4244: '=': conversion from 'const float' to 'int', possible loss of data
C:\VS Projects\Zombie Arena\Player.cpp(154,32): warning C4244: '=': conversion from 'int' to 'T', possible loss of data
          with
          [
              T=float
          ]
C:\VS Projects\Zombie Arena\Player.cpp(159,31): warning C4244: '=': conversion from 'int' to 'T', possible loss of data
          with
          [
              T=float
          ]
C:\VS Projects\Zombie Arena\Player.cpp(164,33): warning C4244: '=': conversion from 'int' to 'T', possible loss of data
          with
          [
              T=float
          ]
C:\VS Projects\Zombie Arena\Player.cpp(169,30): warning C4244: '=': conversion from 'int' to 'T', possible loss of data
          with
          [
              T=float
          ]
C:\VS Projects\Zombie Arena\Player.cpp(173,14): warning C4244: 'initializing': conversion from 'double' to 'float', possible loss of data
C:\VS Projects\Zombie Arena\Player.cpp(181,26): warning C4244: '+=': conversion from 'double' to 'float', possible loss of data
C:\VS Projects\Zombie Arena\Player.cpp(187,31): warning C4244: '+=': conversion from 'double' to 'int', possible loss of data
  Zombie Arena.cpp
C:\VS Projects\Zombie Arena\Zombie Arena.cpp(23,44): warning C4244: '=': conversion from 'unsigned int' to 'T', possible loss of data
          with
          [
              T=float
          ]
C:\VS Projects\Zombie Arena\Zombie Arena.cpp(24,44): warning C4244: '=': conversion from 'unsigned int' to 'T', possible loss of data
          with
          [
              T=float
          ]
C:\VS Projects\Zombie Arena\Zombie Arena.cpp(26,39): warning C4244: 'argument': conversion from 'T' to 'unsigned int', possible loss of data
          with
          [
              T=float
          ]
C:\VS Projects\Zombie Arena\Zombie Arena.cpp(26,25): warning C4244: 'argument': conversion from 'T' to 'unsigned int', possible loss of data
          with
          [
              T=float
          ]
  Generating Code...
  Zombie Arena.vcxproj -> C:\VS Projects\Zombie Arena\Debug\Zombie Arena.exe
